\BOOKMARK [1][-]{section*.1}{\376\377\000A\000b\000s\000t\000r\000a\000c\000t}{}% 1
\BOOKMARK [1][-]{section.1}{\376\377\0001\000\040\000I\000n\000t\000r\000o\000d\000u\000c\000t\000i\000o\000n}{}% 2
\BOOKMARK [1][-]{section.2}{\376\377\0002\000\040\000R\000e\000l\000a\000t\000i\000o\000n\000a\000l\000\040\000A\000l\000g\000e\000b\000r\000a}{}% 3
\BOOKMARK [2][-]{subsection.2.1}{\376\377\0002\000.\0001\000\040\000S\000t\000a\000n\000d\000a\000r\000d\000\040\000R\000A\000\040\000o\000p\000e\000r\000a\000t\000i\000o\000n\000s}{section.2}% 4
\BOOKMARK [2][-]{subsection.2.2}{\376\377\0002\000.\0002\000\040\000A\000p\000p\000l\000i\000c\000a\000t\000i\000o\000n\000:\000\040\000t\000r\000a\000n\000s\000i\000t\000i\000v\000e\000\040\000c\000l\000o\000s\000u\000r\000e}{section.2}% 5
\BOOKMARK [2][-]{subsection.2.3}{\376\377\0002\000.\0003\000\040\000A\000p\000p\000l\000i\000c\000a\000t\000i\000o\000n\000:\000\040\000D\000a\000t\000a\000l\000o\000g}{section.2}% 6
\BOOKMARK [2][-]{subsection.2.4}{\376\377\0002\000.\0004\000\040\000I\000m\000p\000l\000e\000m\000e\000n\000t\000a\000t\000i\000o\000n\000\040\000a\000p\000p\000r\000o\000a\000c\000h\000e\000s}{section.2}% 7
\BOOKMARK [1][-]{section.3}{\376\377\0003\000\040\000H\000a\000s\000h\000-\000T\000r\000e\000e\000\040\000R\000e\000l\000a\000t\000i\000o\000n\000a\000l\000\040\000A\000l\000g\000e\000b\000r\000a}{}% 8
\BOOKMARK [2][-]{subsection.3.1}{\376\377\0003\000.\0001\000\040\000D\000i\000s\000t\000r\000i\000b\000u\000t\000e\000d\000\040\000h\000a\000s\000h\000-\000t\000r\000e\000e\000\040\000j\000o\000i\000n}{section.3}% 9
\BOOKMARK [2][-]{subsection.3.2}{\376\377\0003\000.\0002\000\040\000D\000i\000s\000t\000r\000i\000b\000u\000t\000e\000d\000\040\000h\000a\000s\000h\000-\000t\000r\000e\000e\000\040\000u\000n\000i\000o\000n}{section.3}% 10
\BOOKMARK [1][-]{section.4}{\376\377\0004\000\040\000E\000v\000a\000l\000u\000a\000t\000i\000o\000n}{}% 11
\BOOKMARK [2][-]{subsection.4.1}{\376\377\0004\000.\0001\000\040\000D\000a\000t\000a\000s\000e\000t\000\040\000a\000n\000d\000\040\000H\000P\000C\000\040\000p\000l\000a\000t\000f\000o\000r\000m\000s}{section.4}% 12
\BOOKMARK [2][-]{subsection.4.2}{\376\377\0004\000.\0002\000\040\000B\000t\000r\000e\000e\000-\000R\000e\000l\000a\000t\000i\000o\000n\000\040\000c\000o\000n\000t\000a\000i\000n\000e\000r}{section.4}% 13
\BOOKMARK [2][-]{subsection.4.3}{\376\377\0004\000.\0003\000\040\000M\000P\000I\000\137\000A\000l\000l\000\137\000t\000o\000\137\000A\000l\000l\000v}{section.4}% 14
\BOOKMARK [2][-]{subsection.4.4}{\376\377\0004\000.\0004\000\040\000D\000i\000s\000t\000r\000i\000b\000u\000t\000e\000d\000\040\000U\000n\000i\000o\000n}{section.4}% 15
\BOOKMARK [2][-]{subsection.4.5}{\376\377\0004\000.\0005\000\040\000D\000i\000s\000t\000r\000i\000b\000u\000t\000e\000d\000\040\000J\000o\000i\000n}{section.4}% 16
\BOOKMARK [2][-]{subsection.4.6}{\376\377\0004\000.\0006\000\040\000T\000r\000a\000n\000s\000i\000t\000i\000v\000e\000\040\000c\000l\000o\000s\000u\000r\000e}{section.4}% 17
\BOOKMARK [1][-]{section.5}{\376\377\0005\000\040\000R\000e\000l\000a\000t\000e\000d\000\040\000W\000o\000r\000k}{}% 18
\BOOKMARK [1][-]{section.6}{\376\377\0006\000\040\000C\000o\000n\000c\000l\000u\000s\000i\000o\000n}{}% 19
\BOOKMARK [1][-]{section*.26}{\376\377\000R\000e\000f\000e\000r\000e\000n\000c\000e\000s}{}% 20
